Using pre-set license

 COMMAND LINE ARGUMENTS:
/Applications/Unity/Hub/Editor/2020.3.10f1/Unity.app/Contents/MacOS/Unity
-adb2
-batchMode
-noUpm
-name
AssetImportWorker0
-projectPath
/Users/yusun/New Unity Project
-logFile
Logs/AssetImportWorker0.log
-srvPort
61397
Successfully changed project path to: /Users/yusun/New Unity Project
/Users/yusun/New Unity Project
Using Asset Import Pipeline V2.
Refreshing native plugins compatible for Editor in 39.38 ms, found 2 plugins.
Preloading 0 native plugins for Editor in 0.00 ms.
Initialize engine version: 2020.3.10f1 (297d780c91bc)
[Subsystems] Discovering subsystems at path /Applications/Unity/Hub/Editor/2020.3.10f1/Unity.app/Contents/Resources/UnitySubsystems
[Subsystems] Discovering subsystems at path /Users/yusun/New Unity Project/Assets
GfxDevice: creating device client; threaded=0
2022-01-15 15:42:50.611 Unity[86602:1183515] Color LCD preferred device: Intel(R) UHD Graphics 630 (low power)
2022-01-15 15:42:50.611 Unity[86602:1183515] Metal devices available: 2
2022-01-15 15:42:50.612 Unity[86602:1183515] 0: AMD Radeon Pro 5500M (high power)
2022-01-15 15:42:50.612 Unity[86602:1183515] 1: Intel(R) UHD Graphics 630 (low power)
2022-01-15 15:42:50.612 Unity[86602:1183515] Using device AMD Radeon Pro 5500M (high power)
Initializing Metal device caps: AMD Radeon Pro 5500M
Initialize mono
Mono path[0] = '/Applications/Unity/Hub/Editor/2020.3.10f1/Unity.app/Contents/Managed'
Mono path[1] = '/Applications/Unity/Hub/Editor/2020.3.10f1/Unity.app/Contents/MonoBleedingEdge/lib/mono/unityjit'
Mono config path = '/Applications/Unity/Hub/Editor/2020.3.10f1/Unity.app/Contents/MonoBleedingEdge/etc'
Using monoOptions --debugger-agent=transport=dt_socket,embedding=1,server=y,suspend=n,address=127.0.0.1:56602
Begin MonoManager ReloadAssembly
Registering precompiled unity dll's ...
Register platform support module: /Applications/Unity/Hub/Editor/2020.3.10f1/Unity.app/Contents/PlaybackEngines/MacStandaloneSupport/UnityEditor.OSXStandalone.Extensions.dll
Registered in 0.002290 seconds.
Native extension for OSXStandalone target not found
Refreshing native plugins compatible for Editor in 51.06 ms, found 2 plugins.
Preloading 0 native plugins for Editor in 0.00 ms.
Mono: successfully reloaded assembly
- Completed reload, in  2.729 seconds
Platform modules already initialized, skipping
Registering precompiled user dll's ...
Registered in 0.008271 seconds.
Begin MonoManager ReloadAssembly
Native extension for OSXStandalone target not found
Refreshing native plugins compatible for Editor in 0.30 ms, found 2 plugins.
Preloading 0 native plugins for Editor in 0.00 ms.
Mono: successfully reloaded assembly
- Completed reload, in  1.374 seconds
Platform modules already initialized, skipping
========================================================================
Worker process is ready to serve import requests
Launching external process: /Applications/Unity/Hub/Editor/2020.3.10f1/Unity.app/Contents/Tools/UnityShaderCompiler
Launched and connected shader compiler UnityShaderCompiler after 0.02 seconds
Refreshing native plugins compatible for Editor in 0.40 ms, found 2 plugins.
Preloading 0 native plugins for Editor in 0.00 ms.
Unloading 1390 Unused Serialized files (Serialized files now loaded: 0)
System memory in use before: 135.2 MB.
System memory in use after: 135.2 MB.

Unloading 19 unused Assets to reduce memory usage. Loaded Objects now: 1824.
Total: 4.707898 ms (FindLiveObjects: 0.419449 ms CreateObjectMapping: 0.103384 ms MarkObjects: 4.046264 ms  DeleteObjects: 0.135500 ms)

========================================================================
Received Import Request.
  path: Assets/PlayerScript.cs
  artifactKey: Guid(f7d4634e9760a459f8c29a3e910c425a) Importer(815301076,1909f56bfc062723c751e8b465ee728b)
Start importing Assets/PlayerScript.cs using Guid(f7d4634e9760a459f8c29a3e910c425a) Importer(815301076,1909f56bfc062723c751e8b465ee728b)  -> (artifact id: '7c9b8e4c42a7ec8c8d955d08421fef69') in 0.924065 seconds
  Import took 0.928835 seconds .

========================================================================
Received Prepare
Registering precompiled user dll's ...
Registered in 0.002770 seconds.
Begin MonoManager ReloadAssembly
Native extension for OSXStandalone target not found
Refreshing native plugins compatible for Editor in 0.26 ms, found 2 plugins.
Preloading 0 native plugins for Editor in 0.00 ms.
Mono: successfully reloaded assembly
- Completed reload, in  1.163 seconds
Platform modules already initialized, skipping
Refreshing native plugins compatible for Editor in 0.31 ms, found 2 plugins.
Preloading 0 native plugins for Editor in 0.00 ms.
Unloading 1385 Unused Serialized files (Serialized files now loaded: 0)
System memory in use before: 139.6 MB.
System memory in use after: 139.7 MB.

Unloading 14 unused Assets to reduce memory usage. Loaded Objects now: 1827.
Total: 2.774629 ms (FindLiveObjects: 0.264276 ms CreateObjectMapping: 0.041519 ms MarkObjects: 2.398848 ms  DeleteObjects: 0.068597 ms)

========================================================================
Received Import Request.
  Time since last request: 26.722816 seconds.
  path: Assets/PlayerScript.cs
  artifactKey: Guid(f7d4634e9760a459f8c29a3e910c425a) Importer(815301076,1909f56bfc062723c751e8b465ee728b)
Start importing Assets/PlayerScript.cs using Guid(f7d4634e9760a459f8c29a3e910c425a) Importer(815301076,1909f56bfc062723c751e8b465ee728b)  -> (artifact id: '31a07a9b6bc7a73c5bd758db50f3c307') in 0.006281 seconds
  Import took 0.009465 seconds .

========================================================================
Received Import Request.
  Time since last request: 1.617214 seconds.
  path: Assets/PlayerScript.cs
  artifactKey: Guid(f7d4634e9760a459f8c29a3e910c425a) Importer(815301076,1909f56bfc062723c751e8b465ee728b)
Start importing Assets/PlayerScript.cs using Guid(f7d4634e9760a459f8c29a3e910c425a) Importer(815301076,1909f56bfc062723c751e8b465ee728b)  -> (artifact id: '31a07a9b6bc7a73c5bd758db50f3c307') in 0.004156 seconds
  Import took 0.006485 seconds .

========================================================================
Received Prepare
Registering precompiled user dll's ...
Registered in 0.003901 seconds.
Begin MonoManager ReloadAssembly
Native extension for OSXStandalone target not found
Refreshing native plugins compatible for Editor in 0.34 ms, found 2 plugins.
Preloading 0 native plugins for Editor in 0.00 ms.
Mono: successfully reloaded assembly
- Completed reload, in  1.609 seconds
Platform modules already initialized, skipping
Refreshing native plugins compatible for Editor in 1.13 ms, found 2 plugins.
Preloading 0 native plugins for Editor in 0.00 ms.
Unloading 1385 Unused Serialized files (Serialized files now loaded: 0)
System memory in use before: 139.9 MB.
System memory in use after: 139.9 MB.

Unloading 14 unused Assets to reduce memory usage. Loaded Objects now: 1830.
Total: 3.576569 ms (FindLiveObjects: 0.149159 ms CreateObjectMapping: 0.040687 ms MarkObjects: 3.163122 ms  DeleteObjects: 0.221164 ms)

========================================================================
Received Prepare
Registering precompiled user dll's ...
Registered in 0.003553 seconds.
Begin MonoManager ReloadAssembly
Native extension for OSXStandalone target not found
Refreshing native plugins compatible for Editor in 0.28 ms, found 2 plugins.
Preloading 0 native plugins for Editor in 0.00 ms.
Mono: successfully reloaded assembly
- Completed reload, in  1.287 seconds
Platform modules already initialized, skipping
Refreshing native plugins compatible for Editor in 0.36 ms, found 2 plugins.
Preloading 0 native plugins for Editor in 0.00 ms.
Unloading 1385 Unused Serialized files (Serialized files now loaded: 0)
System memory in use before: 140.0 MB.
System memory in use after: 140.1 MB.

Unloading 14 unused Assets to reduce memory usage. Loaded Objects now: 1833.
Total: 1.942553 ms (FindLiveObjects: 0.152680 ms CreateObjectMapping: 0.047121 ms MarkObjects: 1.688383 ms  DeleteObjects: 0.053234 ms)

========================================================================
Received Import Request.
  Time since last request: 297.452227 seconds.
  path: Assets/PlayerScript.cs
  artifactKey: Guid(f7d4634e9760a459f8c29a3e910c425a) Importer(815301076,1909f56bfc062723c751e8b465ee728b)
Start importing Assets/PlayerScript.cs using Guid(f7d4634e9760a459f8c29a3e910c425a) Importer(815301076,1909f56bfc062723c751e8b465ee728b)  -> (artifact id: '07bf80af3cb19dd8eda452fd5adb6b8f') in 0.006851 seconds
  Import took 0.009602 seconds .

========================================================================
Received Prepare
Registering precompiled user dll's ...
Registered in 0.002094 seconds.
Begin MonoManager ReloadAssembly
Native extension for OSXStandalone target not found
Refreshing native plugins compatible for Editor in 0.38 ms, found 2 plugins.
Preloading 0 native plugins for Editor in 0.00 ms.
Mono: successfully reloaded assembly
- Completed reload, in  1.694 seconds
Platform modules already initialized, skipping
Refreshing native plugins compatible for Editor in 0.65 ms, found 2 plugins.
Preloading 0 native plugins for Editor in 0.00 ms.
Unloading 1385 Unused Serialized files (Serialized files now loaded: 0)
System memory in use before: 140.2 MB.
System memory in use after: 140.3 MB.

Unloading 14 unused Assets to reduce memory usage. Loaded Objects now: 1836.
Total: 3.670180 ms (FindLiveObjects: 0.301689 ms CreateObjectMapping: 0.087985 ms MarkObjects: 3.201118 ms  DeleteObjects: 0.077596 ms)

========================================================================
Received Prepare
Registering precompiled user dll's ...
Registered in 0.003081 seconds.
Begin MonoManager ReloadAssembly
Native extension for OSXStandalone target not found
Refreshing native plugins compatible for Editor in 0.52 ms, found 2 plugins.
Preloading 0 native plugins for Editor in 0.00 ms.
Mono: successfully reloaded assembly
- Completed reload, in  1.126 seconds
Platform modules already initialized, skipping
Refreshing native plugins compatible for Editor in 0.28 ms, found 2 plugins.
Preloading 0 native plugins for Editor in 0.00 ms.
Unloading 1385 Unused Serialized files (Serialized files now loaded: 0)
System memory in use before: 140.4 MB.
System memory in use after: 140.5 MB.

Unloading 14 unused Assets to reduce memory usage. Loaded Objects now: 1839.
Total: 1.621261 ms (FindLiveObjects: 0.130286 ms CreateObjectMapping: 0.036220 ms MarkObjects: 1.412852 ms  DeleteObjects: 0.041086 ms)

========================================================================
Received Prepare
Registering precompiled user dll's ...
Registered in 0.006451 seconds.
Begin MonoManager ReloadAssembly
Native extension for OSXStandalone target not found
Refreshing native plugins compatible for Editor in 0.34 ms, found 2 plugins.
Preloading 0 native plugins for Editor in 0.00 ms.
Mono: successfully reloaded assembly
- Completed reload, in  1.140 seconds
Platform modules already initialized, skipping
Refreshing native plugins compatible for Editor in 0.51 ms, found 2 plugins.
Preloading 0 native plugins for Editor in 0.00 ms.
Unloading 1385 Unused Serialized files (Serialized files now loaded: 0)
System memory in use before: 140.6 MB.
System memory in use after: 140.6 MB.

Unloading 14 unused Assets to reduce memory usage. Loaded Objects now: 1842.
Total: 2.300571 ms (FindLiveObjects: 0.202018 ms CreateObjectMapping: 0.048948 ms MarkObjects: 1.953249 ms  DeleteObjects: 0.095303 ms)

========================================================================
Received Prepare
Registering precompiled user dll's ...
Registered in 0.003430 seconds.
Begin MonoManager ReloadAssembly
Native extension for OSXStandalone target not found
Refreshing native plugins compatible for Editor in 0.28 ms, found 2 plugins.
Preloading 0 native plugins for Editor in 0.00 ms.
Mono: successfully reloaded assembly
- Completed reload, in  1.124 seconds
Platform modules already initialized, skipping
Refreshing native plugins compatible for Editor in 0.28 ms, found 2 plugins.
Preloading 0 native plugins for Editor in 0.00 ms.
Unloading 1385 Unused Serialized files (Serialized files now loaded: 0)
System memory in use before: 140.7 MB.
System memory in use after: 140.8 MB.

Unloading 14 unused Assets to reduce memory usage. Loaded Objects now: 1845.
Total: 1.558908 ms (FindLiveObjects: 0.124560 ms CreateObjectMapping: 0.034792 ms MarkObjects: 1.359331 ms  DeleteObjects: 0.039522 ms)

========================================================================
Received Prepare
Registering precompiled user dll's ...
Registered in 0.002110 seconds.
Begin MonoManager ReloadAssembly
Native extension for OSXStandalone target not found
Refreshing native plugins compatible for Editor in 0.32 ms, found 2 plugins.
Preloading 0 native plugins for Editor in 0.00 ms.
Mono: successfully reloaded assembly
- Completed reload, in  1.568 seconds
Platform modules already initialized, skipping
Refreshing native plugins compatible for Editor in 0.50 ms, found 2 plugins.
Preloading 0 native plugins for Editor in 0.00 ms.
Unloading 1385 Unused Serialized files (Serialized files now loaded: 0)
System memory in use before: 141.0 MB.
System memory in use after: 141.1 MB.

Unloading 14 unused Assets to reduce memory usage. Loaded Objects now: 1848.
Total: 1.923810 ms (FindLiveObjects: 0.160351 ms CreateObjectMapping: 0.046924 ms MarkObjects: 1.663380 ms  DeleteObjects: 0.052227 ms)

